<?xml version="1.0" encoding="UTF-8"?>
<!-- Generated by org.testng.reporters.JUnitReportReporter -->
<testsuite skipped="0" hostname="ALISON-HP" name="testcases.Module11CaseStudy" tests="1" failures="0" timestamp="02 Sep 2019 23:28:30 GMT" time="36.789" errors="0">
  <testcase name="uploadPhotoToEdureka" time="36.789" classname="testcases.Module11CaseStudy"/>
</testsuite> <!-- testcases.Module11CaseStudy -->
