<?xml version="1.0" encoding="UTF-8"?>
<!-- Generated by org.testng.reporters.JUnitReportReporter -->
<testsuite skipped="0" hostname="ALISON-HP" name="example.Module11CaseStudy" tests="1" failures="0" timestamp="06 Oct 2018 21:12:09 GMT" time="10.193" errors="0">
  <testcase name="uploadPhotoToEdureka" time="10.193" classname="example.Module11CaseStudy"/>
</testsuite> <!-- example.Module11CaseStudy -->
