<?xml version="1.0" encoding="UTF-8"?>
<!-- Generated by org.testng.reporters.JUnitReportReporter -->
<testsuite skipped="0" hostname="ALISON-HP" name="testcases.Module11CaseStudy" tests="1" failures="0" timestamp="02 Sep 2019 21:19:33 GMT" time="41.390" errors="0">
  <testcase name="uploadPhotoToEdureka" time="41.390" classname="testcases.Module11CaseStudy"/>
</testsuite> <!-- testcases.Module11CaseStudy -->
