<?xml version="1.0" encoding="UTF-8"?>
<!-- Generated by org.testng.reporters.JUnitReportReporter -->
<testsuite skipped="0" hostname="ALISON-HP" name="testcases.Module11CaseStudy" tests="1" failures="0" timestamp="01 Sep 2019 21:27:53 GMT" time="50.332" errors="0">
  <testcase name="uploadPhotoToEdureka" time="50.332" classname="testcases.Module11CaseStudy"/>
</testsuite> <!-- testcases.Module11CaseStudy -->
